AppTest/build/outputs/logs/manifest-merger-release-report.txt
-- Merging decision tree log ---
manifest
ADDED from src/main/AndroidManifest.xml:1:55-34:131
	package
		ADDED from src/main/AndroidManifest.xml:1:174-206
	android:versionName
		ADDED from src/main/AndroidManifest.xml:1:148-173
		INJECTED from src/main/AndroidManifest.xml
		INJECTED from src/main/AndroidManifest.xml
	android:versionCode
		ADDED from src/main/AndroidManifest.xml:1:124-147
		INJECTED from src/main/AndroidManifest.xml
		INJECTED from src/main/AndroidManifest.xml
	xmlns:android
		ADDED from src/main/AndroidManifest.xml:1:65-123
uses-permission#android.permission.CAMERA
ADDED from src/main/AndroidManifest.xml:3:5-64
	android:name
		ADDED from src/main/AndroidManifest.xml:3:22-62
uses-permission#android.permission.FLASHLIGHT
ADDED from src/main/AndroidManifest.xml:4:5-68
	android:name
		ADDED from src/main/AndroidManifest.xml:4:22-66
uses-permission#android.permission.WRITE_EXTERNAL_STORAGE
ADDED from src/main/AndroidManifest.xml:5:5-80
	android:name
		ADDED from src/main/AndroidManifest.xml:5:22-78
uses-permission#android.permission.INTERNET
ADDED from src/main/AndroidManifest.xml:6:5-66
	android:name
		ADDED from src/main/AndroidManifest.xml:6:22-64
uses-permission#android.permission.ACCESS_NETWORK_STATE
ADDED from src/main/AndroidManifest.xml:7:5-78
	android:name
		ADDED from src/main/AndroidManifest.xml:7:22-76
uses-permission#android.permission.ACCESS_WIFI_STATE
ADDED from src/main/AndroidManifest.xml:8:5-75
	android:name
		ADDED from src/main/AndroidManifest.xml:8:22-73
uses-permission#android.permission.RECORD_AUDIO
ADDED from src/main/AndroidManifest.xml:9:5-70
	android:name
		ADDED from src/main/AndroidManifest.xml:9:22-68
uses-permission#android.permission.WAKE_LOCK
ADDED from src/main/AndroidManifest.xml:10:5-67
	android:name
		ADDED from src/main/AndroidManifest.xml:10:22-65
uses-permission#android.permission.DISABLE_KEYGUARD
ADDED from src/main/AndroidManifest.xml:11:5-74
	android:name
		ADDED from src/main/AndroidManifest.xml:11:22-72
uses-permission#android.permission.RECEIVE_BOOT_COMPLETED
ADDED from src/main/AndroidManifest.xml:12:5-80
	android:name
		ADDED from src/main/AndroidManifest.xml:12:22-78
uses-permission#android.permission.READ_PHONE_STATE
ADDED from src/main/AndroidManifest.xml:13:5-74
	android:name
		ADDED from src/main/AndroidManifest.xml:13:22-72
uses-permission#android.permission.GET_ACCOUNTS
ADDED from src/main/AndroidManifest.xml:14:5-70
	android:name
		ADDED from src/main/AndroidManifest.xml:14:22-68
uses-permission#android.permission.USE_CREDENTIALS
ADDED from src/main/AndroidManifest.xml:15:5-73
	android:name
		ADDED from src/main/AndroidManifest.xml:15:22-71
uses-permission#android.permission.READ_LOGS
ADDED from src/main/AndroidManifest.xml:16:5-67
	android:name
		ADDED from src/main/AndroidManifest.xml:16:22-65
uses-permission#android.permission.READ_CONTACTS
ADDED from src/main/AndroidManifest.xml:17:5-71
	android:name
		ADDED from src/main/AndroidManifest.xml:17:22-69
uses-permission#android.permission.MODIFY_AUDIO_SETTINGS
ADDED from src/main/AndroidManifest.xml:18:5-79
	android:name
		ADDED from src/main/AndroidManifest.xml:18:22-77
uses-permission#android.permission.GET_TASKS
ADDED from src/main/AndroidManifest.xml:19:5-67
	android:name
		ADDED from src/main/AndroidManifest.xml:19:22-65
uses-permission#android.permission.READ_PROFILE
ADDED from src/main/AndroidManifest.xml:20:5-70
	android:name
		ADDED from src/main/AndroidManifest.xml:20:22-68
uses-permission#android.permission.BLUETOOTH
ADDED from src/main/AndroidManifest.xml:21:5-67
	android:name
		ADDED from src/main/AndroidManifest.xml:21:22-65
uses-permission#android.permission.BLUETOOTH_ADMIN
ADDED from src/main/AndroidManifest.xml:22:5-73
	android:name
		ADDED from src/main/AndroidManifest.xml:22:22-71
uses-permission#android.permission.BROADCAST_STICKY
ADDED from src/main/AndroidManifest.xml:23:5-74
	android:name
		ADDED from src/main/AndroidManifest.xml:23:22-72
uses-permission#android.permission.VIBRATE
ADDED from src/main/AndroidManifest.xml:24:5-65
	android:name
		ADDED from src/main/AndroidManifest.xml:24:22-63
application
ADDED from src/main/AndroidManifest.xml:26:5-33:19
	android:label
		ADDED from src/main/AndroidManifest.xml:26:55-87
	android:icon
		ADDED from src/main/AndroidManifest.xml:26:18-54
activity#com.trueconf.videochat.Login
ADDED from src/main/AndroidManifest.xml:27:9-32:20
	android:label
		ADDED from src/main/AndroidManifest.xml:27:19-51
	android:name
		ADDED from src/main/AndroidManifest.xml:27:52-72
intent-filter#android.intent.action.MAIN+android.intent.category.LAUNCHER
ADDED from src/main/AndroidManifest.xml:28:13-31:29
action#android.intent.action.MAIN
ADDED from src/main/AndroidManifest.xml:29:17-68
	android:name
		ADDED from src/main/AndroidManifest.xml:29:25-66
category#android.intent.category.LAUNCHER
ADDED from src/main/AndroidManifest.xml:30:17-76
	android:name
		ADDED from src/main/AndroidManifest.xml:30:27-74
instrumentation#android.test.InstrumentationTestRunner
ADDED from src/main/AndroidManifest.xml:34:1-120
	android:targetPackage
		ADDED from src/main/AndroidManifest.xml:34:72-118
	android:name
		ADDED from src/main/AndroidManifest.xml:34:18-71
uses-sdk
INJECTED from src/main/AndroidManifest.xml reason: use-sdk injection requested
	android:minSdkVersion
		INJECTED from src/main/AndroidManifest.xml
		INJECTED from src/main/AndroidManifest.xml